{
  "RSpec": {
    "coverage": {
      "/home/poolstack/email_confirm_example/spec/model/user_spec.rb": [
        1,
        null,
        null,
        1,
        1,
        1,
        1,
        1,
        1,
        null,
        null,
        null,
        1,
        1,
        1,
        1,
        1,
        null,
        null,
        null,
        null,
        null,
        null,
        null,
        null,
        null,
        null,
        null,
        null,
        null,
        null,
        null,
        null,
        null,
        null,
        null,
        null,
        null,
        null,
        null,
        null,
        null,
        null,
        null,
        null,
        null,
        null,
        null,
        null,
        null,
        null,
        null,
        null,
        null,
        null,
        null
      ],
      "/home/poolstack/email_confirm_example/spec/rails_helper.rb": [
        null,
        1,
        1,
        1,
        null,
        1,
        1,
        1,
        1,
        null,
        null,
        null,
        null,
        null,
        null,
        null,
        null,
        null,
        null,
        null,
        null,
        null,
        null,
        null,
        null,
        null,
        null,
        null,
        null,
        null,
        null,
        1,
        null,
        0,
        null,
        1,
        1,
        1,
        null,
        1,
        null,
        null,
        null,
        null,
        1,
        null,
        null,
        null,
        null,
        null,
        null,
        null,
        null,
        null,
        null,
        null,
        null,
        null,
        null,
        null,
        null,
        null,
        1,
        null,
        null,
        1,
        null,
        null,
        null
      ],
      "/home/poolstack/email_confirm_example/config/environment.rb": [
        null,
        1,
        null,
        null,
        1
      ],
      "/home/poolstack/email_confirm_example/config/application.rb": [
        1,
        null,
        1,
        null,
        null,
        null,
        1,
        null,
        1,
        1,
        null,
        1,
        null,
        null,
        null,
        null,
        null,
        null,
        null,
        null,
        null,
        null,
        null,
        null,
        1,
        null,
        null
      ],
      "/home/poolstack/email_confirm_example/config/boot.rb": [
        1,
        null,
        1,
        1
      ],
      "/home/poolstack/email_confirm_example/config/environments/test.rb": [
        1,
        null,
        null,
        null,
        null,
        null,
        null,
        1,
        null,
        null,
        null,
        1,
        null,
        null,
        null,
        null,
        1,
        null,
        null,
        1,
        1,
        null,
        null,
        null,
        null,
        1,
        1,
        1,
        null,
        null,
        1,
        null,
        null,
        1,
        null,
        null,
        1,
        null,
        1,
        null,
        null,
        null,
        null,
        1,
        null,
        null,
        1,
        null,
        null,
        1,
        null,
        null,
        1,
        null,
        null,
        null,
        null,
        null,
        null,
        null
      ],
      "/home/poolstack/email_confirm_example/config/initializers/cors.rb": [
        null,
        null,
        null,
        null,
        null,
        null,
        null,
        null,
        null,
        null,
        null,
        null,
        null,
        null,
        null,
        null
      ],
      "/home/poolstack/email_confirm_example/config/initializers/filter_parameter_logging.rb": [
        null,
        null,
        null,
        null,
        null,
        1,
        null,
        null
      ],
      "/home/poolstack/email_confirm_example/config/initializers/inflections.rb": [
        null,
        null,
        null,
        null,
        null,
        null,
        null,
        null,
        null,
        null,
        null,
        null,
        null,
        null,
        null,
        null
      ],
      "/home/poolstack/email_confirm_example/config/routes.rb": [
        1,
        1,
        1,
        1,
        1,
        null,
        null,
        null,
        1,
        null
      ],
      "/home/poolstack/email_confirm_example/spec/factories/user.rb": [
        1,
        1,
        1,
        3,
        3,
        3,
        null,
        null
      ],
      "/home/poolstack/email_confirm_example/app/models/user.rb": [
        1,
        1,
        1,
        1,
        null,
        1,
        null,
        7,
        7,
        null,
        null,
        1,
        null,
        7,
        0,
        0,
        null,
        null,
        null,
        null,
        null,
        null,
        null,
        null,
        null,
        null,
        null,
        null,
        null,
        null,
        null
      ],
      "/home/poolstack/email_confirm_example/app/models/application_record.rb": [
        1,
        1,
        null
      ],
      "/home/poolstack/email_confirm_example/spec/requests/user_spec.rb": [
        null,
        null,
        null,
        null,
        null,
        null,
        null,
        null,
        null,
        null,
        null,
        null,
        null,
        null,
        null,
        null,
        null,
        null,
        null,
        null,
        null,
        null,
        null,
        null,
        null,
        null,
        null,
        null,
        null,
        null,
        null,
        null,
        null,
        null,
        null,
        null,
        null,
        null,
        null,
        null,
        null,
        null,
        null,
        null,
        null,
        null,
        1,
        null,
        1,
        1,
        null,
        null,
        5,
        null,
        1,
        1,
        1,
        1,
        null,
        1,
        3,
        1,
        1,
        1,
        1,
        1,
        1,
        null,
        null,
        1,
        1,
        1,
        null,
        null,
        null,
        1,
        1,
        null,
        1,
        1,
        null,
        1,
        1,
        1,
        null,
        null,
        null,
        1,
        1,
        null,
        1,
        1,
        1,
        1,
        1,
        null,
        null,
        null,
        null
      ],
      "/home/poolstack/email_confirm_example/app/controllers/users_controller.rb": [
        null,
        1,
        1,
        2,
        2,
        1,
        1,
        null,
        1,
        null,
        null,
        null,
        1,
        null,
        2,
        2,
        1,
        null,
        1,
        null,
        null,
        null,
        1,
        1,
        null,
        null,
        1,
        null,
        1,
        2,
        null,
        null
      ],
      "/home/poolstack/email_confirm_example/app/controllers/application_controller.rb": [
        1,
        1,
        0,
        null,
        1,
        0,
        0,
        0,
        null,
        0,
        0,
        0,
        null,
        null,
        null,
        1,
        0,
        0,
        0,
        0,
        null,
        null,
        1,
        0,
        null,
        null
      ],
      "/home/poolstack/email_confirm_example/app/mailers/user_mailer.rb": [
        1,
        1,
        1,
        1,
        1,
        null,
        null
      ],
      "/home/poolstack/email_confirm_example/app/mailers/application_mailer.rb": [
        1,
        1,
        1,
        null
      ]
    },
    "timestamp": 1699873374
  }
}
